  pch.cpp
  Application.cpp
c:\users\baris\desktop\projeler\gameengine\goknar\src\goknar\log.h(26): warning C4251: 'Goknar::Log::coreLogger_': class 'std::shared_ptr<spdlog::logger>' needs to have dll-interface to be used by clients of class 'Goknar::Log'
  c:\users\baris\desktop\projeler\gameengine\goknar\outsourced\spdlog\include\spdlog\logger.h(158): note: see declaration of 'std::shared_ptr<spdlog::logger>'
c:\users\baris\desktop\projeler\gameengine\goknar\src\goknar\log.h(27): warning C4251: 'Goknar::Log::clientLogger_': class 'std::shared_ptr<spdlog::logger>' needs to have dll-interface to be used by clients of class 'Goknar::Log'
  c:\users\baris\desktop\projeler\gameengine\goknar\outsourced\spdlog\include\spdlog\logger.h(158): note: see declaration of 'std::shared_ptr<spdlog::logger>'
  Engine.cpp
c:\users\baris\desktop\projeler\gameengine\goknar\src\goknar\engine.h(68): warning C4251: 'Engine::registeredObjects_': class 'std::vector<ObjectBase *,std::allocator<_Ty>>' needs to have dll-interface to be used by clients of class 'Engine'
          with
          [
              _Ty=ObjectBase *
          ]
  c:\users\baris\desktop\projeler\gameengine\goknar\src\goknar\engine.h(68): note: see declaration of 'std::vector<ObjectBase *,std::allocator<_Ty>>'
          with
          [
              _Ty=ObjectBase *
          ]
c:\users\baris\desktop\projeler\gameengine\goknar\src\goknar\engine.h(69): warning C4251: 'Engine::tickableObjects_': class 'std::vector<ObjectBase *,std::allocator<_Ty>>' needs to have dll-interface to be used by clients of class 'Engine'
          with
          [
              _Ty=ObjectBase *
          ]
  c:\users\baris\desktop\projeler\gameengine\goknar\src\goknar\engine.h(68): note: see declaration of 'std::vector<ObjectBase *,std::allocator<_Ty>>'
          with
          [
              _Ty=ObjectBase *
          ]
c:\users\baris\desktop\projeler\gameengine\goknar\src\goknar\inputmanager.h(34): warning C4251: 'InputManager::pressedKeys_': class 'std::map<int,bool,std::less<int>,std::allocator<std::pair<const _Kty,_Ty>>>' needs to have dll-interface to be used by clients of class 'InputManager'
          with
          [
              _Kty=int,
              _Ty=bool
          ]
  c:\users\baris\desktop\projeler\gameengine\goknar\src\goknar\inputmanager.h(34): note: see declaration of 'std::map<int,bool,std::less<int>,std::allocator<std::pair<const _Kty,_Ty>>>'
          with
          [
              _Kty=int,
              _Ty=bool
          ]
c:\users\baris\desktop\projeler\gameengine\goknar\src\goknar\inputmanager.h(35): warning C4251: 'InputManager::releasedKeys_': class 'std::map<int,bool,std::less<int>,std::allocator<std::pair<const _Kty,_Ty>>>' needs to have dll-interface to be used by clients of class 'InputManager'
          with
          [
              _Kty=int,
              _Ty=bool
          ]
  c:\users\baris\desktop\projeler\gameengine\goknar\src\goknar\inputmanager.h(34): note: see declaration of 'std::map<int,bool,std::less<int>,std::allocator<std::pair<const _Kty,_Ty>>>'
          with
          [
              _Kty=int,
              _Ty=bool
          ]
c:\users\baris\desktop\projeler\gameengine\goknar\src\goknar\inputmanager.h(36): warning C4251: 'InputManager::repeatedKeys_': class 'std::map<int,bool,std::less<int>,std::allocator<std::pair<const _Kty,_Ty>>>' needs to have dll-interface to be used by clients of class 'InputManager'
          with
          [
              _Kty=int,
              _Ty=bool
          ]
  c:\users\baris\desktop\projeler\gameengine\goknar\src\goknar\inputmanager.h(34): note: see declaration of 'std::map<int,bool,std::less<int>,std::allocator<std::pair<const _Kty,_Ty>>>'
          with
          [
              _Kty=int,
              _Ty=bool
          ]
c:\users\baris\desktop\projeler\gameengine\goknar\src\goknar\log.h(26): warning C4251: 'Goknar::Log::coreLogger_': class 'std::shared_ptr<spdlog::logger>' needs to have dll-interface to be used by clients of class 'Goknar::Log'
  c:\users\baris\desktop\projeler\gameengine\goknar\outsourced\spdlog\include\spdlog\logger.h(158): note: see declaration of 'std::shared_ptr<spdlog::logger>'
c:\users\baris\desktop\projeler\gameengine\goknar\src\goknar\log.h(27): warning C4251: 'Goknar::Log::clientLogger_': class 'std::shared_ptr<spdlog::logger>' needs to have dll-interface to be used by clients of class 'Goknar::Log'
  c:\users\baris\desktop\projeler\gameengine\goknar\outsourced\spdlog\include\spdlog\logger.h(158): note: see declaration of 'std::shared_ptr<spdlog::logger>'
c:\users\baris\desktop\projeler\gameengine\goknar\src\goknar\objectmanager.h(36): warning C4251: 'ObjectManager::objects_': class 'std::vector<ObjectBase *,std::allocator<_Ty>>' needs to have dll-interface to be used by clients of class 'ObjectManager'
          with
          [
              _Ty=ObjectBase *
          ]
  c:\users\baris\desktop\projeler\gameengine\goknar\src\goknar\engine.h(68): note: see declaration of 'std::vector<ObjectBase *,std::allocator<_Ty>>'
          with
          [
              _Ty=ObjectBase *
          ]
c:\users\baris\desktop\projeler\gameengine\goknar\src\goknar\renderer.h(31): warning C4251: 'Renderer::objectsToBeRendered_': class 'std::vector<RenderingObject *,std::allocator<_Ty>>' needs to have dll-interface to be used by clients of class 'Renderer'
          with
          [
              _Ty=RenderingObject *
          ]
  c:\users\baris\desktop\projeler\gameengine\goknar\src\goknar\renderer.h(31): note: see declaration of 'std::vector<RenderingObject *,std::allocator<_Ty>>'
          with
          [
              _Ty=RenderingObject *
          ]
  GraphicsManager.cpp
  InputManager.cpp
c:\users\baris\desktop\projeler\gameengine\goknar\src\goknar\inputmanager.h(34): warning C4251: 'InputManager::pressedKeys_': class 'std::map<int,bool,std::less<int>,std::allocator<std::pair<const _Kty,_Ty>>>' needs to have dll-interface to be used by clients of class 'InputManager'
          with
          [
              _Kty=int,
              _Ty=bool
          ]
  c:\users\baris\desktop\projeler\gameengine\goknar\src\goknar\inputmanager.h(34): note: see declaration of 'std::map<int,bool,std::less<int>,std::allocator<std::pair<const _Kty,_Ty>>>'
          with
          [
              _Kty=int,
              _Ty=bool
          ]
c:\users\baris\desktop\projeler\gameengine\goknar\src\goknar\inputmanager.h(35): warning C4251: 'InputManager::releasedKeys_': class 'std::map<int,bool,std::less<int>,std::allocator<std::pair<const _Kty,_Ty>>>' needs to have dll-interface to be used by clients of class 'InputManager'
          with
          [
              _Kty=int,
              _Ty=bool
          ]
  c:\users\baris\desktop\projeler\gameengine\goknar\src\goknar\inputmanager.h(34): note: see declaration of 'std::map<int,bool,std::less<int>,std::allocator<std::pair<const _Kty,_Ty>>>'
          with
          [
              _Kty=int,
              _Ty=bool
          ]
c:\users\baris\desktop\projeler\gameengine\goknar\src\goknar\inputmanager.h(36): warning C4251: 'InputManager::repeatedKeys_': class 'std::map<int,bool,std::less<int>,std::allocator<std::pair<const _Kty,_Ty>>>' needs to have dll-interface to be used by clients of class 'InputManager'
          with
          [
              _Kty=int,
              _Ty=bool
          ]
  c:\users\baris\desktop\projeler\gameengine\goknar\src\goknar\inputmanager.h(34): note: see declaration of 'std::map<int,bool,std::less<int>,std::allocator<std::pair<const _Kty,_Ty>>>'
          with
          [
              _Kty=int,
              _Ty=bool
          ]
c:\users\baris\desktop\projeler\gameengine\goknar\src\goknar\engine.h(68): warning C4251: 'Engine::registeredObjects_': class 'std::vector<ObjectBase *,std::allocator<_Ty>>' needs to have dll-interface to be used by clients of class 'Engine'
          with
          [
              _Ty=ObjectBase *
          ]
  c:\users\baris\desktop\projeler\gameengine\goknar\src\goknar\engine.h(68): note: see declaration of 'std::vector<ObjectBase *,std::allocator<_Ty>>'
          with
          [
              _Ty=ObjectBase *
          ]
c:\users\baris\desktop\projeler\gameengine\goknar\src\goknar\engine.h(69): warning C4251: 'Engine::tickableObjects_': class 'std::vector<ObjectBase *,std::allocator<_Ty>>' needs to have dll-interface to be used by clients of class 'Engine'
          with
          [
              _Ty=ObjectBase *
          ]
  c:\users\baris\desktop\projeler\gameengine\goknar\src\goknar\engine.h(68): note: see declaration of 'std::vector<ObjectBase *,std::allocator<_Ty>>'
          with
          [
              _Ty=ObjectBase *
          ]
  Log.cpp
c:\users\baris\desktop\projeler\gameengine\goknar\src\goknar\log.h(26): warning C4251: 'Goknar::Log::coreLogger_': class 'std::shared_ptr<spdlog::logger>' needs to have dll-interface to be used by clients of class 'Goknar::Log'
  c:\users\baris\desktop\projeler\gameengine\goknar\outsourced\spdlog\include\spdlog\logger.h(158): note: see declaration of 'std::shared_ptr<spdlog::logger>'
c:\users\baris\desktop\projeler\gameengine\goknar\src\goknar\log.h(27): warning C4251: 'Goknar::Log::clientLogger_': class 'std::shared_ptr<spdlog::logger>' needs to have dll-interface to be used by clients of class 'Goknar::Log'
  c:\users\baris\desktop\projeler\gameengine\goknar\outsourced\spdlog\include\spdlog\logger.h(158): note: see declaration of 'std::shared_ptr<spdlog::logger>'
  Math.cpp
c:\users\baris\desktop\projeler\gameengine\goknar\src\goknar\matrix.h(130): warning C4099: 'Matrix': type name first seen using 'struct' now seen using 'class'
  c:\users\baris\desktop\projeler\gameengine\goknar\src\goknar\matrix.h(129): note: see declaration of 'Matrix'
  Matrix.cpp
c:\users\baris\desktop\projeler\gameengine\goknar\src\goknar\matrix.h(130): warning C4099: 'Matrix': type name first seen using 'struct' now seen using 'class'
  c:\users\baris\desktop\projeler\gameengine\goknar\src\goknar\matrix.h(129): note: see declaration of 'Matrix'
c:\users\baris\desktop\projeler\gameengine\goknar\src\goknar\matrix.cpp(151): warning C4244: '=': conversion from 'double' to 'float', possible loss of data
  ObjectBase.cpp
  ObjectManager.cpp
c:\users\baris\desktop\projeler\gameengine\goknar\src\goknar\objectmanager.h(36): warning C4251: 'ObjectManager::objects_': class 'std::vector<ObjectBase *,std::allocator<_Ty>>' needs to have dll-interface to be used by clients of class 'ObjectManager'
          with
          [
              _Ty=ObjectBase *
          ]
  c:\users\baris\desktop\projeler\gameengine\goknar\src\goknar\objectmanager.h(29): note: see declaration of 'std::vector<ObjectBase *,std::allocator<_Ty>>'
          with
          [
              _Ty=ObjectBase *
          ]
  Renderer.cpp
c:\users\baris\desktop\projeler\gameengine\goknar\src\goknar\renderer.h(31): warning C4251: 'Renderer::objectsToBeRendered_': class 'std::vector<RenderingObject *,std::allocator<_Ty>>' needs to have dll-interface to be used by clients of class 'Renderer'
          with
          [
              _Ty=RenderingObject *
          ]
  c:\users\baris\desktop\projeler\gameengine\goknar\src\goknar\renderer.h(31): note: see declaration of 'std::vector<RenderingObject *,std::allocator<_Ty>>'
          with
          [
              _Ty=RenderingObject *
          ]
  Scene.cpp
  WindowManager.cpp
c:\users\baris\desktop\projeler\gameengine\goknar\src\goknar\log.h(26): warning C4251: 'Goknar::Log::coreLogger_': class 'std::shared_ptr<spdlog::logger>' needs to have dll-interface to be used by clients of class 'Goknar::Log'
  c:\users\baris\desktop\projeler\gameengine\goknar\outsourced\spdlog\include\spdlog\logger.h(158): note: see declaration of 'std::shared_ptr<spdlog::logger>'
c:\users\baris\desktop\projeler\gameengine\goknar\src\goknar\log.h(27): warning C4251: 'Goknar::Log::clientLogger_': class 'std::shared_ptr<spdlog::logger>' needs to have dll-interface to be used by clients of class 'Goknar::Log'
  c:\users\baris\desktop\projeler\gameengine\goknar\outsourced\spdlog\include\spdlog\logger.h(158): note: see declaration of 'std::shared_ptr<spdlog::logger>'
  Generating Code...
     Creating library ..\bin\Debug_windows_x86_64\Goknar\Goknar.lib and object ..\bin\Debug_windows_x86_64\Goknar\Goknar.exp
LINK : warning LNK4098: defaultlib 'LIBCMT' conflicts with use of other libs; use /NODEFAULTLIB:library
  Goknar.vcxproj -> C:\Users\Baris\Desktop\Projeler\GameEngine\Goknar\..\bin\Debug_windows_x86_64\Goknar\Goknar.dll

Project Performance Summary:
        4 ms  C:\Users\Baris\Desktop\Projeler\GameEngine\Goknar\outsourced\GLFW\GLFW.vcxproj   4 calls
                  2 ms  GetTargetPath                              1 calls
                  1 ms  GetNativeManifest                          1 calls
                  1 ms  GetResolvedLinkLibs                        1 calls
                  0 ms  GetCopyToOutputDirectoryItems              1 calls
    24212 ms  C:\Users\Baris\Desktop\Projeler\GameEngine\Goknar\Goknar.vcxproj   1 calls
              24212 ms  Rebuild                                    1 calls

Target Performance Summary:
        0 ms  Rebuild                                    1 calls
        0 ms  _ResourceCompile                           1 calls
        0 ms  AfterResourceCompile                       1 calls
        0 ms  MakeDirsForResourceCompile                 1 calls
        0 ms  BeforeResourceCompile                      1 calls
        0 ms  _ClCompile                                 1 calls
        0 ms  AfterClCompile                             1 calls
        0 ms  _GenerateSatelliteAssemblyInputs           1 calls
        0 ms  SelectClCompile                            1 calls
        0 ms  SelectCustomBuild                          1 calls
        0 ms  CreateSatelliteAssemblies                  1 calls
        0 ms  ComputeCLInputPDBName                      1 calls
        0 ms  BeforeClCompile                            1 calls
        0 ms  BuildCompileTraverse                       1 calls
        0 ms  BuildGenerateSources                       1 calls
        0 ms  _BuildGenerateSourcesAction                1 calls
        0 ms  AfterBuildGenerateSourcesEvent             1 calls
        0 ms  AfterBuildGenerateSources                  1 calls
        0 ms  _Link                                      1 calls
        0 ms  AfterMidl                                  1 calls
        0 ms  AfterBuildCompileEvent                     1 calls
        0 ms  _BuildCompileAction                        1 calls
        0 ms  BuildCompile                               1 calls
        0 ms  BuildLinkTraverse                          1 calls
        0 ms  AfterLink                                  1 calls
        0 ms  _Manifest                                  1 calls
        0 ms  ResolvedXDCMake                            1 calls
        0 ms  ComputeLinkSwitches                        1 calls
        0 ms  DoLinkOutputFilesMatch                     1 calls
        0 ms  PrepareResourceNames                       1 calls
        0 ms  CreateCustomManifestResourceNames          1 calls
        0 ms  _XdcMake                                   1 calls
        0 ms  ComputeCLCompileGeneratedSbrFiles          1 calls
        0 ms  ComputeMIDLGeneratedCompileInputs          1 calls
        0 ms  ComputeResolveLinkObj                      1 calls
        0 ms  MakeDirsForBscMake                         1 calls
        0 ms  ComputeLinkInputsFromProject               1 calls
        0 ms  _BscMake                                   1 calls
        0 ms  ComputeCustomBuildOutput                   1 calls
        0 ms  ComputeManifestGeneratedLinkerInputs       1 calls
        0 ms  ComputeRCGeneratedLinkInputs               1 calls
        0 ms  ComputeRCOutputs                           1 calls
        0 ms  BeforeLink                                 1 calls
        0 ms  ComputeLegacyManifestEmbedding             1 calls
        0 ms  GetResolvedLinkLibs                        1 calls
        0 ms  MakeDirsForMidl                            1 calls
        0 ms  _Midl                                      1 calls
        0 ms  PrepareForRun                              1 calls
        0 ms  BeforeResolveReferences                    1 calls
        0 ms  _Xsd                                       1 calls
        0 ms  _PrepareForBuild                           1 calls
        0 ms  Clean                                      1 calls
        0 ms  CppClean                                   1 calls
        0 ms  AfterCppClean                              1 calls
        0 ms  _BuildLinkAction                           1 calls
        0 ms  BeforeCppClean                             1 calls
        0 ms  AfterClean                                 1 calls
        0 ms  _RemoveNameMetadataFromProjectReferenceItems   1 calls
        0 ms  CleanPublishFolder                         1 calls
        0 ms  PrepareProjectReferences                   1 calls
        0 ms  _GetProjectReferenceTargetFrameworkProperties   1 calls
        0 ms  AssignProjectConfiguration                 1 calls
        0 ms  AfterBuild                                 1 calls
        0 ms  BeforeClean                                1 calls
        0 ms  Build                                      1 calls
        0 ms  BeforeRebuild                              1 calls
        0 ms  _PrepareForRebuild                         1 calls
        0 ms  SetTelemetryEnvironmentVariables           1 calls
        0 ms  BuildLink                                  1 calls
        0 ms  _CheckForCompileOutputs                    1 calls
        0 ms  _ALink                                     1 calls
        0 ms  GetNativeManifest                          1 calls
        0 ms  _SelectedFiles                             1 calls
        0 ms  BeforeBuildGenerateSources                 1 calls
        0 ms  BuildGenerateSourcesTraverse               1 calls
        0 ms  _Appverifier                               1 calls
        0 ms  ResolveReferences                          1 calls
        0 ms  AfterResolveReferences                     1 calls
        0 ms  ResolveAssemblyReferences                  1 calls
        0 ms  GetTargetPath                              1 calls
        0 ms  ResolveSDKReferences                       1 calls
        0 ms  _Deploy                                    1 calls
        0 ms  ExpandSDKReferences                        1 calls
        0 ms  PlatformPrepareForBuild                    1 calls
        0 ms  GetFrameworkPaths                          1 calls
        0 ms  SetCABuildNativeEnvironmentVariables       1 calls
        0 ms  GetCopyToOutputDirectoryXamlAppDefs        1 calls
        0 ms  GetResolvedWinMD                           1 calls
        0 ms  GetReferenceAssemblyPaths                  1 calls
        0 ms  _CopySourceItemsToOutputDirectory          1 calls
        1 ms  PGInstrumentedClean                        1 calls
        1 ms  AssignTargetPaths                          1 calls
        1 ms  MakeDirsForCl                              1 calls
        1 ms  PreBuildEvent                              1 calls
        1 ms  ComputeCLCompileGeneratedXDCFiles          1 calls
        1 ms  _SplitProjectReferencesByFileExistence     1 calls
        1 ms  CopyFileToFolders                          1 calls
        1 ms  PreLinkEvent                               1 calls
        1 ms  ComputeCLOutputs                           1 calls
        1 ms  ComputeReferenceCLInput                    1 calls
        1 ms  MakeDirsForXdcMake                         1 calls
        1 ms  _CheckForInvalidConfigurationAndPlatform   1 calls
        1 ms  SplitResourcesByCulture                    1 calls
        1 ms  ComputeCLGeneratedLinkInputs               1 calls
        1 ms  CopyFilesToOutputDirectory                 1 calls
        1 ms  _PrepareForReferenceResolution             1 calls
        1 ms  CleanReferencedProjects                    1 calls
        1 ms  SetBuildDefaultEnvironmentVariables        1 calls
        1 ms  ComputeReferenceLinkInputs                 1 calls
        1 ms  FixupCLCompileOptions                      1 calls
        1 ms  _CheckWindowsSDKInstalled                  1 calls
        2 ms  MakeDirsForLink                            1 calls
        3 ms  ComputeManifestInputsTargets               1 calls
        3 ms  ComputeLinkImportLibraryOutputsForClean    1 calls
        4 ms  FinalizeBuildStatus                        1 calls
        4 ms  _PrepareForClean                           1 calls
        6 ms  ResolvedLinkLib                            2 calls
        7 ms  CoreClean                                  1 calls
        7 ms  AfterRebuild                               1 calls
        9 ms  PrepareForBuild                            1 calls
       10 ms  RegisterOutput                             1 calls
       14 ms  GetCopyToOutputDirectoryItems              1 calls
       15 ms  InitializeBuildStatus                      1 calls
       15 ms  ResolveProjectReferences                   1 calls
      100 ms  CoreCppClean                               1 calls
      229 ms  PostBuildEvent                             1 calls
     1618 ms  Link                                       1 calls
    22115 ms  ClCompile                                  1 calls

Task Performance Summary:
        0 ms  Message                                    3 calls
        0 ms  AssignCulture                              1 calls
        0 ms  AssignProjectConfiguration                 1 calls
        0 ms  RemoveDuplicates                           1 calls
        0 ms  ResolveNonMSBuildProjectOutput             1 calls
        0 ms  ReadLinesFromFile                          2 calls
        1 ms  AssignTargetPath                           6 calls
        1 ms  GetOutOfDateItems                          1 calls
        1 ms  SetEnv                                     8 calls
        1 ms  FindUnderPath                              2 calls
        4 ms  WriteLinesToFile                           4 calls
        5 ms  Touch                                      2 calls
        5 ms  Delete                                     6 calls
        8 ms  MakeDir                                   11 calls
       31 ms  MSBuild                                    4 calls
       95 ms  CppClean                                   1 calls
      229 ms  Exec                                       1 calls
     1616 ms  Link                                       1 calls
    22111 ms  CL                                         2 calls
