c:\users\baris\desktop\projeler\gameengine\obj\debug_windows_x86_64\goknar\goknar.pch
c:\users\baris\desktop\projeler\gameengine\obj\debug_windows_x86_64\goknar\vc141.pdb
c:\users\baris\desktop\projeler\gameengine\obj\debug_windows_x86_64\goknar\vc141.idb
c:\users\baris\desktop\projeler\gameengine\obj\debug_windows_x86_64\goknar\pch.obj
c:\users\baris\desktop\projeler\gameengine\obj\debug_windows_x86_64\goknar\windowmanager.obj
c:\users\baris\desktop\projeler\gameengine\obj\debug_windows_x86_64\goknar\scene.obj
c:\users\baris\desktop\projeler\gameengine\obj\debug_windows_x86_64\goknar\renderer.obj
c:\users\baris\desktop\projeler\gameengine\obj\debug_windows_x86_64\goknar\objectmanager.obj
c:\users\baris\desktop\projeler\gameengine\obj\debug_windows_x86_64\goknar\objectbase.obj
c:\users\baris\desktop\projeler\gameengine\obj\debug_windows_x86_64\goknar\matrix.obj
c:\users\baris\desktop\projeler\gameengine\obj\debug_windows_x86_64\goknar\math.obj
c:\users\baris\desktop\projeler\gameengine\obj\debug_windows_x86_64\goknar\log.obj
c:\users\baris\desktop\projeler\gameengine\obj\debug_windows_x86_64\goknar\inputmanager.obj
c:\users\baris\desktop\projeler\gameengine\obj\debug_windows_x86_64\goknar\graphicsmanager.obj
c:\users\baris\desktop\projeler\gameengine\obj\debug_windows_x86_64\goknar\engine.obj
c:\users\baris\desktop\projeler\gameengine\obj\debug_windows_x86_64\goknar\application.obj
c:\users\baris\desktop\projeler\gameengine\bin\debug_windows_x86_64\goknar\goknar.lib
c:\users\baris\desktop\projeler\gameengine\bin\debug_windows_x86_64\goknar\goknar.exp
c:\users\baris\desktop\projeler\gameengine\bin\debug_windows_x86_64\goknar\goknar.ilk
c:\users\baris\desktop\projeler\gameengine\bin\debug_windows_x86_64\goknar\goknar.dll
c:\users\baris\desktop\projeler\gameengine\bin\debug_windows_x86_64\goknar\goknar.pdb
c:\users\baris\desktop\projeler\gameengine\goknar\..\bin\debug_windows_x86_64\goknar\goknar.dll
c:\users\baris\desktop\projeler\gameengine\obj\debug_windows_x86_64\goknar\goknar.tlog\cl.command.1.tlog
c:\users\baris\desktop\projeler\gameengine\obj\debug_windows_x86_64\goknar\goknar.tlog\cl.read.1.tlog
c:\users\baris\desktop\projeler\gameengine\obj\debug_windows_x86_64\goknar\goknar.tlog\cl.write.1.tlog
c:\users\baris\desktop\projeler\gameengine\obj\debug_windows_x86_64\goknar\goknar.tlog\goknar.write.1u.tlog
c:\users\baris\desktop\projeler\gameengine\obj\debug_windows_x86_64\goknar\goknar.tlog\link.command.1.tlog
c:\users\baris\desktop\projeler\gameengine\obj\debug_windows_x86_64\goknar\goknar.tlog\link.read.1.tlog
c:\users\baris\desktop\projeler\gameengine\obj\debug_windows_x86_64\goknar\goknar.tlog\link.write.1.tlog
