c:\users\baris\desktop\projeler\gameengine\obj\debug_windows_x86_64\gameengine\vc141.pdb
c:\users\baris\desktop\projeler\gameengine\obj\debug_windows_x86_64\gameengine\vc141.idb
c:\users\baris\desktop\projeler\gameengine\obj\debug_windows_x86_64\gameengine\windowmanager.obj
c:\users\baris\desktop\projeler\gameengine\obj\debug_windows_x86_64\gameengine\log.obj
c:\users\baris\desktop\projeler\gameengine\obj\debug_windows_x86_64\gameengine\engine.obj
c:\users\baris\desktop\projeler\gameengine\obj\debug_windows_x86_64\gameengine\application.obj
c:\users\baris\desktop\projeler\gameengine\obj\debug_windows_x86_64\gameengine\scene.obj
c:\users\baris\desktop\projeler\gameengine\obj\debug_windows_x86_64\gameengine\renderer.obj
c:\users\baris\desktop\projeler\gameengine\obj\debug_windows_x86_64\gameengine\objectmanager.obj
c:\users\baris\desktop\projeler\gameengine\obj\debug_windows_x86_64\gameengine\objectbase.obj
c:\users\baris\desktop\projeler\gameengine\obj\debug_windows_x86_64\gameengine\matrix.obj
c:\users\baris\desktop\projeler\gameengine\obj\debug_windows_x86_64\gameengine\math.obj
c:\users\baris\desktop\projeler\gameengine\obj\debug_windows_x86_64\gameengine\inputmanager.obj
c:\users\baris\desktop\projeler\gameengine\obj\debug_windows_x86_64\gameengine\graphicsmanager.obj
c:\users\baris\desktop\projeler\gameengine\bin\debug_windows_x86_64\gameengine\gameengine.lib
c:\users\baris\desktop\projeler\gameengine\bin\debug_windows_x86_64\gameengine\gameengine.exp
c:\users\baris\desktop\projeler\gameengine\obj\debug_windows_x86_64\gameengine\gameengine.tlog\cl.command.1.tlog
c:\users\baris\desktop\projeler\gameengine\obj\debug_windows_x86_64\gameengine\gameengine.tlog\cl.read.1.tlog
c:\users\baris\desktop\projeler\gameengine\obj\debug_windows_x86_64\gameengine\gameengine.tlog\cl.write.1.tlog
c:\users\baris\desktop\projeler\gameengine\obj\debug_windows_x86_64\gameengine\gameengine.tlog\gameengine.write.1u.tlog
c:\users\baris\desktop\projeler\gameengine\obj\debug_windows_x86_64\gameengine\gameengine.tlog\link-cvtres.read.1.tlog
c:\users\baris\desktop\projeler\gameengine\obj\debug_windows_x86_64\gameengine\gameengine.tlog\link-cvtres.write.1.tlog
c:\users\baris\desktop\projeler\gameengine\obj\debug_windows_x86_64\gameengine\gameengine.tlog\link-rc.read.1.tlog
c:\users\baris\desktop\projeler\gameengine\obj\debug_windows_x86_64\gameengine\gameengine.tlog\link-rc.write.1.tlog
c:\users\baris\desktop\projeler\gameengine\obj\debug_windows_x86_64\gameengine\gameengine.tlog\link.20240.delete.1.tlog
c:\users\baris\desktop\projeler\gameengine\obj\debug_windows_x86_64\gameengine\gameengine.tlog\link.28336-cvtres.read.1.tlog
c:\users\baris\desktop\projeler\gameengine\obj\debug_windows_x86_64\gameengine\gameengine.tlog\link.28336-cvtres.write.1.tlog
c:\users\baris\desktop\projeler\gameengine\obj\debug_windows_x86_64\gameengine\gameengine.tlog\link.28336-rc.read.1.tlog
c:\users\baris\desktop\projeler\gameengine\obj\debug_windows_x86_64\gameengine\gameengine.tlog\link.28336-rc.write.1.tlog
c:\users\baris\desktop\projeler\gameengine\obj\debug_windows_x86_64\gameengine\gameengine.tlog\link.28336.read.1.tlog
c:\users\baris\desktop\projeler\gameengine\obj\debug_windows_x86_64\gameengine\gameengine.tlog\link.28336.write.1.tlog
c:\users\baris\desktop\projeler\gameengine\obj\debug_windows_x86_64\gameengine\gameengine.tlog\link.command.1.tlog
c:\users\baris\desktop\projeler\gameengine\obj\debug_windows_x86_64\gameengine\gameengine.tlog\link.delete.1.tlog
c:\users\baris\desktop\projeler\gameengine\obj\debug_windows_x86_64\gameengine\gameengine.tlog\link.read.1.tlog
c:\users\baris\desktop\projeler\gameengine\obj\debug_windows_x86_64\gameengine\gameengine.tlog\link.write.1.tlog
