  Game.cpp
c:\users\baris\desktop\projeler\gameengine\goknar\src\goknar\engine.h(68): warning C4251: 'Engine::registeredObjects_': class 'std::vector<ObjectBase *,std::allocator<_Ty>>' needs to have dll-interface to be used by clients of class 'Engine'
          with
          [
              _Ty=ObjectBase *
          ]
  c:\users\baris\desktop\projeler\gameengine\goknar\src\goknar\engine.h(68): note: see declaration of 'std::vector<ObjectBase *,std::allocator<_Ty>>'
          with
          [
              _Ty=ObjectBase *
          ]
c:\users\baris\desktop\projeler\gameengine\goknar\src\goknar\engine.h(69): warning C4251: 'Engine::tickableObjects_': class 'std::vector<ObjectBase *,std::allocator<_Ty>>' needs to have dll-interface to be used by clients of class 'Engine'
          with
          [
              _Ty=ObjectBase *
          ]
  c:\users\baris\desktop\projeler\gameengine\goknar\src\goknar\engine.h(68): note: see declaration of 'std::vector<ObjectBase *,std::allocator<_Ty>>'
          with
          [
              _Ty=ObjectBase *
          ]
c:\users\baris\desktop\projeler\gameengine\goknar\src\goknar\log.h(26): warning C4251: 'Goknar::Log::coreLogger_': class 'std::shared_ptr<spdlog::logger>' needs to have dll-interface to be used by clients of class 'Goknar::Log'
  c:\users\baris\desktop\projeler\gameengine\goknar\outsourced\spdlog\include\spdlog\logger.h(158): note: see declaration of 'std::shared_ptr<spdlog::logger>'
c:\users\baris\desktop\projeler\gameengine\goknar\src\goknar\log.h(27): warning C4251: 'Goknar::Log::clientLogger_': class 'std::shared_ptr<spdlog::logger>' needs to have dll-interface to be used by clients of class 'Goknar::Log'
  c:\users\baris\desktop\projeler\gameengine\goknar\outsourced\spdlog\include\spdlog\logger.h(158): note: see declaration of 'std::shared_ptr<spdlog::logger>'
  GameProject.vcxproj -> C:\Users\Baris\Desktop\Projeler\GameEngine\GameProject\..\bin\Debug_windows_x86_64\GameProject\GameProject.exe

Project Performance Summary:
        3 ms  C:\Users\Baris\Desktop\Projeler\GameEngine\Goknar\Goknar.vcxproj   4 calls
                  1 ms  GetTargetPath                              1 calls
                  1 ms  GetNativeManifest                          1 calls
                  1 ms  GetResolvedLinkLibs                        1 calls
                  0 ms  GetCopyToOutputDirectoryItems              1 calls
     6731 ms  C:\Users\Baris\Desktop\Projeler\GameEngine\GameProject\GameProject.vcxproj   1 calls
               6731 ms  Rebuild                                    1 calls

Target Performance Summary:
        0 ms  _SelectedFiles                             1 calls
        0 ms  AfterRebuild                               1 calls
        0 ms  SelectClCompile                            1 calls
        0 ms  SelectCustomBuild                          1 calls
        0 ms  _Link                                      1 calls
        0 ms  FixupCLCompileOptions                      1 calls
        0 ms  ComputeReferenceCLInput                    1 calls
        0 ms  _ALink                                     1 calls
        0 ms  BeforeClCompile                            1 calls
        0 ms  AfterClCompile                             1 calls
        0 ms  BuildCompileTraverse                       1 calls
        0 ms  _BuildGenerateSourcesAction                1 calls
        0 ms  AfterBuildGenerateSourcesEvent             1 calls
        0 ms  AfterBuildGenerateSources                  1 calls
        0 ms  _Midl                                      1 calls
        0 ms  AfterMidl                                  1 calls
        0 ms  _Manifest                                  1 calls
        0 ms  MakeDirsForMidl                            1 calls
        0 ms  _Xsd                                       1 calls
        0 ms  BuildGenerateSources                       1 calls
        0 ms  _ClCompile                                 1 calls
        0 ms  BeforeResourceCompile                      1 calls
        0 ms  AfterLink                                  1 calls
        0 ms  ComputeReferenceLinkInputs                 1 calls
        0 ms  ComputeResolveLinkObj                      1 calls
        0 ms  GetResolvedLinkLibs                        1 calls
        0 ms  PrepareResourceNames                       1 calls
        0 ms  ComputeLinkInputsFromProject               1 calls
        0 ms  ComputeCLGeneratedLinkInputs               1 calls
        0 ms  PreLinkEvent                               1 calls
        0 ms  ComputeCustomBuildOutput                   1 calls
        0 ms  ComputeManifestGeneratedLinkerInputs       1 calls
        0 ms  ComputeRCGeneratedLinkInputs               1 calls
        0 ms  ComputeRCOutputs                           1 calls
        0 ms  BeforeLink                                 1 calls
        0 ms  ComputeLinkSwitches                        1 calls
        0 ms  BuildLinkTraverse                          1 calls
        0 ms  BuildCompile                               1 calls
        0 ms  _BuildCompileAction                        1 calls
        0 ms  AfterBuildCompileEvent                     1 calls
        0 ms  _ResourceCompile                           1 calls
        0 ms  AfterResourceCompile                       1 calls
        0 ms  RegisterOutput                             1 calls
        0 ms  CreateCustomManifestResourceNames          1 calls
        0 ms  SplitResourcesByCulture                    1 calls
        0 ms  BeforeBuildGenerateSources                 1 calls
        0 ms  CppClean                                   1 calls
        0 ms  GetCopyToOutputDirectoryXamlAppDefs        1 calls
        0 ms  AfterCppClean                              1 calls
        0 ms  _CopySourceItemsToOutputDirectory          1 calls
        0 ms  BeforeCppClean                             1 calls
        0 ms  AfterClean                                 1 calls
        0 ms  _CheckForCompileOutputs                    1 calls
        0 ms  CleanReferencedProjects                    1 calls
        0 ms  Clean                                      1 calls
        0 ms  PrepareProjectReferences                   1 calls
        0 ms  PostBuildEvent                             1 calls
        0 ms  _BuildLinkAction                           1 calls
        0 ms  BuildLink                                  1 calls
        0 ms  BeforeClean                                1 calls
        0 ms  AfterBuild                                 1 calls
        0 ms  BeforeRebuild                              1 calls
        0 ms  _PrepareForRebuild                         1 calls
        0 ms  Build                                      1 calls
        0 ms  PrepareForRun                              1 calls
        0 ms  PreBuildEvent                              1 calls
        0 ms  _Deploy                                    1 calls
        0 ms  BeforeResolveReferences                    1 calls
        0 ms  ComputeCLCompileGeneratedXDCFiles          1 calls
        0 ms  ResolveReferences                          1 calls
        0 ms  AfterResolveReferences                     1 calls
        0 ms  ResolveAssemblyReferences                  1 calls
        0 ms  ExpandSDKReferences                        1 calls
        0 ms  ResolveSDKReferences                       1 calls
        0 ms  MakeDirsForXdcMake                         1 calls
        0 ms  _PrepareForReferenceResolution             1 calls
        0 ms  ComputeCLCompileGeneratedSbrFiles          1 calls
        0 ms  _XdcMake                                   1 calls
        0 ms  _BscMake                                   1 calls
        0 ms  GetFrameworkPaths                          1 calls
        0 ms  CreateSatelliteAssemblies                  1 calls
        0 ms  GetTargetPath                              1 calls
        0 ms  _Appverifier                               1 calls
        0 ms  _RemoveNameMetadataFromProjectReferenceItems   1 calls
        0 ms  PlatformPrepareForBuild                    1 calls
        1 ms  SetBuildDefaultEnvironmentVariables        1 calls
        1 ms  ResolvedXDCMake                            1 calls
        1 ms  Rebuild                                    1 calls
        1 ms  GetResolvedWinMD                           1 calls
        1 ms  ComputeManifestInputsTargets               1 calls
        1 ms  _CheckForInvalidConfigurationAndPlatform   1 calls
        1 ms  _PrepareForBuild                           1 calls
        1 ms  MakeDirsForLink                            1 calls
        1 ms  CleanPublishFolder                         1 calls
        1 ms  MakeDirsForBscMake                         1 calls
        1 ms  SetTelemetryEnvironmentVariables           1 calls
        1 ms  _PrepareForClean                           1 calls
        1 ms  _GenerateSatelliteAssemblyInputs           1 calls
        1 ms  DoLinkOutputFilesMatch                     1 calls
        1 ms  MakeDirsForResourceCompile                 1 calls
        1 ms  ComputeCLInputPDBName                      1 calls
        1 ms  MakeDirsForCl                              1 calls
        1 ms  _CheckWindowsSDKInstalled                  1 calls
        1 ms  SetCABuildNativeEnvironmentVariables       1 calls
        1 ms  ComputeCLOutputs                           1 calls
        1 ms  ComputeLegacyManifestEmbedding             1 calls
        1 ms  AssignProjectConfiguration                 1 calls
        1 ms  CoreClean                                  1 calls
        1 ms  CopyFileToFolders                          1 calls
        1 ms  BuildGenerateSourcesTraverse               1 calls
        1 ms  GetNativeManifest                          1 calls
        1 ms  CopyFilesToOutputDirectory                 1 calls
        1 ms  AssignTargetPaths                          1 calls
        1 ms  GetReferenceAssemblyPaths                  1 calls
        2 ms  PGInstrumentedClean                        1 calls
        3 ms  _GetProjectReferenceTargetFrameworkProperties   1 calls
        3 ms  PrepareForBuild                            1 calls
        5 ms  ComputeMIDLGeneratedCompileInputs          1 calls
        5 ms  _SplitProjectReferencesByFileExistence     1 calls
        6 ms  InitializeBuildStatus                      1 calls
        7 ms  FinalizeBuildStatus                        1 calls
        7 ms  ComputeLinkImportLibraryOutputsForClean    1 calls
        9 ms  ResolveProjectReferences                   1 calls
       10 ms  ResolvedLinkLib                            1 calls
       19 ms  GetCopyToOutputDirectoryItems              1 calls
       33 ms  CoreCppClean                               1 calls
      922 ms  Link                                       1 calls
     5665 ms  ClCompile                                  1 calls

Task Performance Summary:
        0 ms  AssignProjectConfiguration                 1 calls
        0 ms  AssignTargetPath                           6 calls
        0 ms  FindUnderPath                              2 calls
        0 ms  RemoveDuplicates                           1 calls
        0 ms  MakeDir                                   11 calls
        0 ms  ResolveNonMSBuildProjectOutput             1 calls
        0 ms  AssignCulture                              1 calls
        1 ms  GetOutOfDateItems                          1 calls
        1 ms  ReadLinesFromFile                          2 calls
        2 ms  Message                                    3 calls
        2 ms  SetEnv                                     8 calls
        4 ms  Delete                                     6 calls
        9 ms  Touch                                      2 calls
       11 ms  WriteLinesToFile                           3 calls
       22 ms  CppClean                                   1 calls
       38 ms  MSBuild                                    4 calls
      919 ms  Link                                       1 calls
     5663 ms  CL                                         1 calls
